<?xml version="1.0" encoding="UTF-8"?>
<testsuite name="ru.otus.handler.ComplexProcessorTest" tests="5" skipped="0" failures="0" errors="0" timestamp="2021-04-15T03:28:35" hostname="DESKTOP-EGNEHSJ" time="10.504">
  <properties/>
  <testcase name="Тестируем уведомления" classname="ru.otus.handler.ComplexProcessorTest" time="0.038"/>
  <testcase name="Тестируем вызовы процессора обработчика четных секунд" classname="ru.otus.handler.ComplexProcessorTest" time="10.09"/>
  <testcase name="Тестируем вызовы процессоров" classname="ru.otus.handler.ComplexProcessorTest" time="0.36"/>
  <testcase name="Тестируем уведомления" classname="ru.otus.handler.ComplexProcessorTest" time="0.009"/>
  <testcase name="Тестируем обработку исключения" classname="ru.otus.handler.ComplexProcessorTest" time="0.005"/>
  <system-out><![CDATA[36
38
40
42
44
]]></system-out>
  <system-err><![CDATA[]]></system-err>
</testsuite>
