<?xml version="1.0" encoding="UTF-8"?>
<testsuite name="homework.CustomerTest" tests="4" skipped="0" failures="0" errors="0" timestamp="2021-04-15T03:28:35" hostname="DESKTOP-EGNEHSJ" time="0.057">
  <properties/>
  <testcase name="Объект Customer как ключ в карте" classname="homework.CustomerTest" time="0.047"/>
  <testcase name="Модификация коллекции" classname="homework.CustomerTest" time="0.002"/>
  <testcase name="Сортировка по полю score, итерация по возрастанию" classname="homework.CustomerTest" time="0.001"/>
  <testcase name="Возвращание в обратном порядке" classname="homework.CustomerTest" time="0.005"/>
  <system-out><![CDATA[]]></system-out>
  <system-err><![CDATA[]]></system-err>
</testsuite>
